0 info it worked if it ends with ok
1 verbose cli [ '/usr/bin/node', '/usr/bin/npm', 'run', 'start' ]
2 info using npm@3.10.10
3 info using node@v6.9.5
4 verbose run-script [ 'prestart', 'start', 'poststart' ]
5 info lifecycle portfolio@1.0.0~prestart: portfolio@1.0.0
6 silly lifecycle portfolio@1.0.0~prestart: no script for prestart, continuing
7 info lifecycle portfolio@1.0.0~start: portfolio@1.0.0
8 verbose lifecycle portfolio@1.0.0~start: unsafe-perm in lifecycle true
9 verbose lifecycle portfolio@1.0.0~start: PATH: /usr/lib/node_modules/npm/bin/node-gyp-bin:/home/moi/pyprojects/portfolio/node_modules/.bin:/home/moi/.rvm/gems/ruby-2.3.2/bin:/home/moi/.rvm/gems/ruby-2.3.2@global/bin:/home/moi/.rvm/rubies/ruby-2.3.2/bin:/usr/lib64/qt-3.3/bin:/usr/local/bin:/usr/local/sbin:/usr/bin:/usr/sbin:/home/moi/.rvm/bin:/home/moi/.rvm/bin:/home/moi/.local/bin:/home/moi/bin:/home/moi/.rvm/bin:/home/moi/.rvm/bin
10 verbose lifecycle portfolio@1.0.0~start: CWD: /home/moi/pyprojects/portfolio
11 silly lifecycle portfolio@1.0.0~start: Args: [ '-c', 'webpack --progress --watch' ]
12 silly lifecycle portfolio@1.0.0~start: Returned: code: 1  signal: null
13 info lifecycle portfolio@1.0.0~start: Failed to exec start script
14 verbose stack Error: portfolio@1.0.0 start: `webpack --progress --watch`
14 verbose stack Exit status 1
14 verbose stack     at EventEmitter.<anonymous> (/usr/lib/node_modules/npm/lib/utils/lifecycle.js:255:16)
14 verbose stack     at emitTwo (events.js:106:13)
14 verbose stack     at EventEmitter.emit (events.js:191:7)
14 verbose stack     at ChildProcess.<anonymous> (/usr/lib/node_modules/npm/lib/utils/spawn.js:40:14)
14 verbose stack     at emitTwo (events.js:106:13)
14 verbose stack     at ChildProcess.emit (events.js:191:7)
14 verbose stack     at maybeClose (internal/child_process.js:877:16)
14 verbose stack     at Process.ChildProcess._handle.onexit (internal/child_process.js:226:5)
15 verbose pkgid portfolio@1.0.0
16 verbose cwd /home/moi/pyprojects/portfolio
17 error Linux 4.9.9-200.fc25.x86_64
18 error argv "/usr/bin/node" "/usr/bin/npm" "run" "start"
19 error node v6.9.5
20 error npm  v3.10.10
21 error code ELIFECYCLE
22 error portfolio@1.0.0 start: `webpack --progress --watch`
22 error Exit status 1
23 error Failed at the portfolio@1.0.0 start script 'webpack --progress --watch'.
23 error Make sure you have the latest version of node.js and npm installed.
23 error If you do, this is most likely a problem with the portfolio package,
23 error not with npm itself.
23 error Tell the author that this fails on your system:
23 error     webpack --progress --watch
23 error You can get information on how to open an issue for this project with:
23 error     npm bugs portfolio
23 error Or if that isn't available, you can get their info via:
23 error     npm owner ls portfolio
23 error There is likely additional logging output above.
24 verbose exit [ 1, true ]
